# JRE version: Java(TM) SE Runtime Environment (8.0_77-b03) (build 1.8.0_77-b03)
# Java VM: Java HotSpot(TM) Client VM (25.77-b03 mixed mode windows-x86 )
Heap:
 def new generation   total 4928K, used 594K [0x04800000, 0x04d50000, 0x09d50000)
  eden space 4416K,  12% used [0x04800000, 0x048847c8, 0x04c50000)
  from space 512K,  12% used [0x04c50000, 0x04c60068, 0x04cd0000)
  to   space 512K,   0% used [0x04cd0000, 0x04cd0000, 0x04d50000)
 tenured generation   total 10944K, used 506K [0x09d50000, 0x0a800000, 0x14800000)
   the space 10944K,   4% used [0x09d50000, 0x09dcea58, 0x09dcec00, 0x0a800000)
 Metaspace       used 2260K, capacity 2728K, committed 2752K, reserved 4480K
GC Heap History (10 events):
Event: 12.181 GC heap before
{Heap before GC invocations=3 (full 0):
 def new generation   total 4928K, used 4421K [0x04800000, 0x04d50000, 0x09d50000)
  eden space 4416K, 100% used [0x04800000, 0x04c50000, 0x04c50000)
  from space 512K,   1% used [0x04cd0000, 0x04cd1620, 0x04d50000)
  to   space 512K,   0% used [0x04c50000, 0x04c50000, 0x04cd0000)
 tenured generation   total 10944K, used 506K [0x09d50000, 0x0a800000, 0x14800000)
   the space 10944K,   4% used [0x09d50000, 0x09dcea58, 0x09dcec00, 0x0a800000)
 Metaspace       used 2259K, capacity 2728K, committed 2752K, reserved 4480K
Event: 12.181 GC heap after
Heap after GC invocations=4 (full 0):
 def new generation   total 4928K, used 11K [0x04800000, 0x04d50000, 0x09d50000)
  eden space 4416K,   0% used [0x04800000, 0x04800000, 0x04c50000)
  from space 512K,   2% used [0x04c50000, 0x04c52ef8, 0x04cd0000)
  to   space 512K,   0% used [0x04cd0000, 0x04cd0000, 0x04d50000)
 tenured generation   total 10944K, used 506K [0x09d50000, 0x0a800000, 0x14800000)
   the space 10944K,   4% used [0x09d50000, 0x09dcea58, 0x09dcec00, 0x0a800000)
 Metaspace       used 2259K, capacity 2728K, committed 2752K, reserved 4480K
}
Event: 13.553 GC heap before
{Heap before GC invocations=4 (full 0):
 def new generation   total 4928K, used 4427K [0x04800000, 0x04d50000, 0x09d50000)
  eden space 4416K, 100% used [0x04800000, 0x04c50000, 0x04c50000)
  from space 512K,   2% used [0x04c50000, 0x04c52ef8, 0x04cd0000)
  to   space 512K,   0% used [0x04cd0000, 0x04cd0000, 0x04d50000)
 tenured generation   total 10944K, used 506K [0x09d50000, 0x0a800000, 0x14800000)
   the space 10944K,   4% used [0x09d50000, 0x09dcea58, 0x09dcec00, 0x0a800000)
 Metaspace       used 2260K, capacity 2728K, committed 2752K, reserved 4480K
Event: 13.553 GC heap after
Heap after GC invocations=5 (full 0):
 def new generation   total 4928K, used 13K [0x04800000, 0x04d50000, 0x09d50000)
  eden space 4416K,   0% used [0x04800000, 0x04800000, 0x04c50000)
  from space 512K,   2% used [0x04cd0000, 0x04cd3668, 0x04d50000)
  to   space 512K,   0% used [0x04c50000, 0x04c50000, 0x04cd0000)
 tenured generation   total 10944K, used 506K [0x09d50000, 0x0a800000, 0x14800000)
   the space 10944K,   4% used [0x09d50000, 0x09dcea58, 0x09dcec00, 0x0a800000)
 Metaspace       used 2260K, capacity 2728K, committed 2752K, reserved 4480K
}
Event: 14.901 GC heap before
{Heap before GC invocations=5 (full 0):
 def new generation   total 4928K, used 4429K [0x04800000, 0x04d50000, 0x09d50000)
  eden space 4416K, 100% used [0x04800000, 0x04c50000, 0x04c50000)
  from space 512K,   2% used [0x04cd0000, 0x04cd3668, 0x04d50000)
  to   space 512K,   0% used [0x04c50000, 0x04c50000, 0x04cd0000)
 tenured generation   total 10944K, used 506K [0x09d50000, 0x0a800000, 0x14800000)
   the space 10944K,   4% used [0x09d50000, 0x09dcea58, 0x09dcec00, 0x0a800000)
 Metaspace       used 2260K, capacity 2728K, committed 2752K, reserved 4480K
Event: 14.901 GC heap after
Heap after GC invocations=6 (full 0):
 def new generation   total 4928K, used 15K [0x04800000, 0x04d50000, 0x09d50000)
  eden space 4416K,   0% used [0x04800000, 0x04800000, 0x04c50000)
  from space 512K,   2% used [0x04c50000, 0x04c53c38, 0x04cd0000)
  to   space 512K,   0% used [0x04cd0000, 0x04cd0000, 0x04d50000)
 tenured generation   total 10944K, used 506K [0x09d50000, 0x0a800000, 0x14800000)
   the space 10944K,   4% used [0x09d50000, 0x09dcea58, 0x09dcec00, 0x0a800000)
 Metaspace       used 2260K, capacity 2728K, committed 2752K, reserved 4480K
}
Event: 16.159 GC heap before
{Heap before GC invocations=6 (full 0):
 def new generation   total 4928K, used 4431K [0x04800000, 0x04d50000, 0x09d50000)
  eden space 4416K, 100% used [0x04800000, 0x04c50000, 0x04c50000)
  from space 512K,   2% used [0x04c50000, 0x04c53c38, 0x04cd0000)
  to   space 512K,   0% used [0x04cd0000, 0x04cd0000, 0x04d50000)
 tenured generation   total 10944K, used 506K [0x09d50000, 0x0a800000, 0x14800000)
   the space 10944K,   4% used [0x09d50000, 0x09dcea58, 0x09dcec00, 0x0a800000)
 Metaspace       used 2260K, capacity 2728K, committed 2752K, reserved 4480K
Event: 16.159 GC heap after
Heap after GC invocations=7 (full 0):
 def new generation   total 4928K, used 17K [0x04800000, 0x04d50000, 0x09d50000)
  eden space 4416K,   0% used [0x04800000, 0x04800000, 0x04c50000)
  from space 512K,   3% used [0x04cd0000, 0x04cd4488, 0x04d50000)
  to   space 512K,   0% used [0x04c50000, 0x04c50000, 0x04cd0000)
 tenured generation   total 10944K, used 506K [0x09d50000, 0x0a800000, 0x14800000)
   the space 10944K,   4% used [0x09d50000, 0x09dcea58, 0x09dcec00, 0x0a800000)
 Metaspace       used 2260K, capacity 2728K, committed 2752K, reserved 4480K
}
Event: 26.121 GC heap before
{Heap before GC invocations=7 (full 0):
 def new generation   total 4928K, used 4433K [0x04800000, 0x04d50000, 0x09d50000)
  eden space 4416K, 100% used [0x04800000, 0x04c50000, 0x04c50000)
  from space 512K,   3% used [0x04cd0000, 0x04cd4488, 0x04d50000)
  to   space 512K,   0% used [0x04c50000, 0x04c50000, 0x04cd0000)
 tenured generation   total 10944K, used 506K [0x09d50000, 0x0a800000, 0x14800000)
   the space 10944K,   4% used [0x09d50000, 0x09dcea58, 0x09dcec00, 0x0a800000)
 Metaspace       used 2260K, capacity 2728K, committed 2752K, reserved 4480K
Event: 26.122 GC heap after
Heap after GC invocations=8 (full 0):
 def new generation   total 4928K, used 64K [0x04800000, 0x04d50000, 0x09d50000)
  eden space 4416K,   0% used [0x04800000, 0x04800000, 0x04c50000)
  from space 512K,  12% used [0x04c50000, 0x04c60068, 0x04cd0000)
  to   space 512K,   0% used [0x04cd0000, 0x04cd0000, 0x04d50000)
 tenured generation   total 10944K, used 506K [0x09d50000, 0x0a800000, 0x14800000)
   the space 10944K,   4% used [0x09d50000, 0x09dcea58, 0x09dcec00, 0x0a800000)
 Metaspace       used 2260K, capacity 2728K, committed 2752K, reserved 4480K
}

