# JRE version: Java(TM) SE Runtime Environment (7.0_79-b15) (build 1.7.0_79-b15)
# Java VM: Java HotSpot(TM) Client VM (24.79-b02 mixed mode, sharing windows-x86 )
Heap
 def new generation   total 4928K, used 1625K [0x24200000, 0x24750000, 0x29750000)
  eden space 4416K,  36% used [0x24200000, 0x243959c8, 0x24650000)
  from space 512K,   0% used [0x24650000, 0x24650ae0, 0x246d0000)
  to   space 512K,   0% used [0x246d0000, 0x246d0000, 0x24750000)
 tenured generation   total 10944K, used 783K [0x29750000, 0x2a200000, 0x34200000)
   the space 10944K,   7% used [0x29750000, 0x29813f68, 0x29814000, 0x2a200000)
 compacting perm gen  total 12288K, used 1300K [0x34200000, 0x34e00000, 0x38200000)
   the space 12288K,  10% used [0x34200000, 0x343451e0, 0x34345200, 0x34e00000)
    ro space 10240K,  42% used [0x38200000, 0x38636058, 0x38636200, 0x38c00000)
    rw space 12288K,  51% used [0x38c00000, 0x3923bdb0, 0x3923be00, 0x39800000)
GC Heap History (4 events):
Event: 15.665 GC heap before
{Heap before GC invocations=0 (full 0):
 def new generation   total 4928K, used 4416K [0x24200000, 0x24750000, 0x29750000)
  eden space 4416K, 100% used [0x24200000, 0x24650000, 0x24650000)
  from space 512K,   0% used [0x24650000, 0x24650000, 0x246d0000)
  to   space 512K,   0% used [0x246d0000, 0x246d0000, 0x24750000)
 tenured generation   total 10944K, used 0K [0x29750000, 0x2a200000, 0x34200000)
   the space 10944K,   0% used [0x29750000, 0x29750000, 0x29750200, 0x2a200000)
 compacting perm gen  total 12288K, used 1300K [0x34200000, 0x34e00000, 0x38200000)
   the space 12288K,  10% used [0x34200000, 0x34345110, 0x34345200, 0x34e00000)
    ro space 10240K,  42% used [0x38200000, 0x38636058, 0x38636200, 0x38c00000)
    rw space 12288K,  51% used [0x38c00000, 0x3923bdb0, 0x3923be00, 0x39800000)
Event: 15.669 GC heap after
Heap after GC invocations=1 (full 0):
 def new generation   total 4928K, used 512K [0x24200000, 0x24750000, 0x29750000)
  eden space 4416K,   0% used [0x24200000, 0x24200000, 0x24650000)
  from space 512K, 100% used [0x246d0000, 0x24750000, 0x24750000)
  to   space 512K,   0% used [0x24650000, 0x24650000, 0x246d0000)
 tenured generation   total 10944K, used 274K [0x29750000, 0x2a200000, 0x34200000)
   the space 10944K,   2% used [0x29750000, 0x29794af0, 0x29794c00, 0x2a200000)
 compacting perm gen  total 12288K, used 1300K [0x34200000, 0x34e00000, 0x38200000)
   the space 12288K,  10% used [0x34200000, 0x34345110, 0x34345200, 0x34e00000)
    ro space 10240K,  42% used [0x38200000, 0x38636058, 0x38636200, 0x38c00000)
    rw space 12288K,  51% used [0x38c00000, 0x3923bdb0, 0x3923be00, 0x39800000)
}
Event: 16.887 GC heap before
{Heap before GC invocations=1 (full 0):
 def new generation   total 4928K, used 4928K [0x24200000, 0x24750000, 0x29750000)
  eden space 4416K, 100% used [0x24200000, 0x24650000, 0x24650000)
  from space 512K, 100% used [0x246d0000, 0x24750000, 0x24750000)
  to   space 512K,   0% used [0x24650000, 0x24650000, 0x246d0000)
 tenured generation   total 10944K, used 274K [0x29750000, 0x2a200000, 0x34200000)
   the space 10944K,   2% used [0x29750000, 0x29794af0, 0x29794c00, 0x2a200000)
 compacting perm gen  total 12288K, used 1300K [0x34200000, 0x34e00000, 0x38200000)
   the space 12288K,  10% used [0x34200000, 0x343451b0, 0x34345200, 0x34e00000)
    ro space 10240K,  42% used [0x38200000, 0x38636058, 0x38636200, 0x38c00000)
    rw space 12288K,  51% used [0x38c00000, 0x3923bdb0, 0x3923be00, 0x39800000)
Event: 16.889 GC heap after
Heap after GC invocations=2 (full 0):
 def new generation   total 4928K, used 2K [0x24200000, 0x24750000, 0x29750000)
  eden space 4416K,   0% used [0x24200000, 0x24200000, 0x24650000)
  from space 512K,   0% used [0x24650000, 0x24650ae0, 0x246d0000)
  to   space 512K,   0% used [0x246d0000, 0x246d0000, 0x24750000)
 tenured generation   total 10944K, used 783K [0x29750000, 0x2a200000, 0x34200000)
   the space 10944K,   7% used [0x29750000, 0x29813f68, 0x29814000, 0x2a200000)
 compacting perm gen  total 12288K, used 1300K [0x34200000, 0x34e00000, 0x38200000)
   the space 12288K,  10% used [0x34200000, 0x343451b0, 0x34345200, 0x34e00000)
    ro space 10240K,  42% used [0x38200000, 0x38636058, 0x38636200, 0x38c00000)
    rw space 12288K,  51% used [0x38c00000, 0x3923bdb0, 0x3923be00, 0x39800000)
}

